<?xml version="1.0" encoding="UTF-8"?>
<coverage generated="1673076212986" clover="3.2.0">
  <project timestamp="1673076212986" name="All files">
    <metrics statements="58" coveredstatements="37" conditionals="16" coveredconditionals="7" methods="19" coveredmethods="10" elements="93" coveredelements="54" complexity="0" loc="58" ncloc="58" packages="1" files="1" classes="1"/>
    <file name="index.js" path="/Users/fugufish/code/moleculer-tcp/index.js">
      <metrics statements="58" coveredstatements="37" conditionals="16" coveredconditionals="7" methods="19" coveredmethods="10"/>
      <line num="1" count="1" type="stmt"/>
      <line num="2" count="1" type="stmt"/>
      <line num="43" count="1" type="stmt"/>
      <line num="54" count="5" type="stmt"/>
      <line num="55" count="5" type="stmt"/>
      <line num="59" count="4" type="stmt"/>
      <line num="60" count="4" type="stmt"/>
      <line num="61" count="4" type="stmt"/>
      <line num="65" count="5" type="stmt"/>
      <line num="66" count="5" type="stmt"/>
      <line num="67" count="5" type="stmt"/>
      <line num="78" count="0" type="stmt"/>
      <line num="79" count="0" type="stmt"/>
      <line num="81" count="0" type="stmt"/>
      <line num="90" count="0" type="stmt"/>
      <line num="100" count="0" type="stmt"/>
      <line num="108" count="2" type="stmt"/>
      <line num="111" count="2" type="stmt"/>
      <line num="114" count="2" type="stmt"/>
      <line num="123" count="2" type="stmt"/>
      <line num="124" count="0" type="stmt"/>
      <line num="126" count="0" type="cond" truecount="0" falsecount="2"/>
      <line num="127" count="0" type="stmt"/>
      <line num="132" count="2" type="stmt"/>
      <line num="136" count="0" type="stmt"/>
      <line num="141" count="0" type="stmt"/>
      <line num="145" count="5" type="cond" truecount="1" falsecount="1"/>
      <line num="146" count="0" type="stmt"/>
      <line num="148" count="0" type="stmt"/>
      <line num="150" count="5" type="stmt"/>
      <line num="151" count="5" type="stmt"/>
      <line num="153" count="5" type="stmt"/>
      <line num="156" count="5" type="stmt"/>
      <line num="157" count="5" type="stmt"/>
      <line num="158" count="5" type="stmt"/>
      <line num="161" count="5" type="cond" truecount="2" falsecount="0"/>
      <line num="162" count="1" type="stmt"/>
      <line num="165" count="5" type="stmt"/>
      <line num="166" count="5" type="stmt"/>
      <line num="168" count="5" type="stmt"/>
      <line num="169" count="7" type="stmt"/>
      <line num="171" count="5" type="stmt"/>
      <line num="172" count="1" type="stmt"/>
      <line num="179" count="5" type="stmt"/>
      <line num="181" count="5" type="stmt"/>
      <line num="183" count="5" type="stmt"/>
      <line num="188" count="4" type="stmt"/>
      <line num="189" count="1" type="stmt"/>
      <line num="192" count="3" type="stmt"/>
      <line num="197" count="0" type="stmt"/>
      <line num="199" count="0" type="stmt"/>
      <line num="200" count="0" type="cond" truecount="0" falsecount="2"/>
      <line num="201" count="0" type="stmt"/>
      <line num="208" count="0" type="cond" truecount="0" falsecount="2"/>
      <line num="209" count="0" type="stmt"/>
      <line num="210" count="0" type="stmt"/>
      <line num="217" count="0" type="cond" truecount="0" falsecount="2"/>
      <line num="218" count="0" type="stmt"/>
    </file>
  </project>
</coverage>
