{"/Users/fugufish/code/moleculer-tcp/index.js": {"path":"/Users/fugufish/code/moleculer-tcp/index.js","statementMap":{"0":{"start":{"line":1,"column":16},"end":{"line":1,"column":34}},"1":{"start":{"line":2,"column":13},"end":{"line":2,"column":31}},"2":{"start":{"line":43,"column":0},"end":{"line":223,"column":1}},"3":{"start":{"line":54,"column":8},"end":{"line":54,"column":29}},"4":{"start":{"line":55,"column":8},"end":{"line":55,"column":25}},"5":{"start":{"line":59,"column":8},"end":{"line":59,"column":51}},"6":{"start":{"line":60,"column":8},"end":{"line":60,"column":28}},"7":{"start":{"line":61,"column":8},"end":{"line":61,"column":25}},"8":{"start":{"line":65,"column":8},"end":{"line":65,"column":48}},"9":{"start":{"line":66,"column":8},"end":{"line":66,"column":33}},"10":{"start":{"line":67,"column":8},"end":{"line":67,"column":49}},"11":{"start":{"line":78,"column":35},"end":{"line":78,"column":45}},"12":{"start":{"line":79,"column":16},"end":{"line":79,"column":88}},"13":{"start":{"line":81,"column":16},"end":{"line":81,"column":40}},"14":{"start":{"line":90,"column":16},"end":{"line":90,"column":93}},"15":{"start":{"line":100,"column":16},"end":{"line":100,"column":111}},"16":{"start":{"line":108,"column":12},"end":{"line":108,"column":82}},"17":{"start":{"line":111,"column":23},"end":{"line":111,"column":29}},"18":{"start":{"line":114,"column":12},"end":{"line":121,"column":14}},"19":{"start":{"line":123,"column":12},"end":{"line":129,"column":15}},"20":{"start":{"line":124,"column":16},"end":{"line":124,"column":41}},"21":{"start":{"line":126,"column":16},"end":{"line":128,"column":17}},"22":{"start":{"line":127,"column":20},"end":{"line":127,"column":66}},"23":{"start":{"line":132,"column":12},"end":{"line":132,"column":90}},"24":{"start":{"line":136,"column":12},"end":{"line":136,"column":48}},"25":{"start":{"line":141,"column":12},"end":{"line":141,"column":71}},"26":{"start":{"line":145,"column":12},"end":{"line":154,"column":13}},"27":{"start":{"line":146,"column":39},"end":{"line":146,"column":53}},"28":{"start":{"line":148,"column":16},"end":{"line":148,"column":86}},"29":{"start":{"line":150,"column":16},"end":{"line":150,"column":108}},"30":{"start":{"line":151,"column":39},"end":{"line":151,"column":53}},"31":{"start":{"line":153,"column":16},"end":{"line":153,"column":45}},"32":{"start":{"line":156,"column":27},"end":{"line":159,"column":14}},"33":{"start":{"line":157,"column":16},"end":{"line":157,"column":50}},"34":{"start":{"line":158,"column":16},"end":{"line":158,"column":55}},"35":{"start":{"line":161,"column":12},"end":{"line":163,"column":13}},"36":{"start":{"line":162,"column":16},"end":{"line":162,"column":74}},"37":{"start":{"line":165,"column":12},"end":{"line":167,"column":14}},"38":{"start":{"line":166,"column":16},"end":{"line":166,"column":49}},"39":{"start":{"line":168,"column":12},"end":{"line":170,"column":14}},"40":{"start":{"line":169,"column":16},"end":{"line":169,"column":45}},"41":{"start":{"line":171,"column":12},"end":{"line":178,"column":14}},"42":{"start":{"line":172,"column":16},"end":{"line":177,"column":18}},"43":{"start":{"line":179,"column":12},"end":{"line":179,"column":65}},"44":{"start":{"line":181,"column":12},"end":{"line":181,"column":51}},"45":{"start":{"line":183,"column":12},"end":{"line":183,"column":26}},"46":{"start":{"line":188,"column":12},"end":{"line":190,"column":13}},"47":{"start":{"line":189,"column":16},"end":{"line":189,"column":43}},"48":{"start":{"line":192,"column":12},"end":{"line":192,"column":32}},"49":{"start":{"line":197,"column":27},"end":{"line":197,"column":47}},"50":{"start":{"line":199,"column":12},"end":{"line":199,"column":92}},"51":{"start":{"line":200,"column":12},"end":{"line":202,"column":13}},"52":{"start":{"line":201,"column":16},"end":{"line":201,"column":58}},"53":{"start":{"line":208,"column":12},"end":{"line":211,"column":13}},"54":{"start":{"line":209,"column":16},"end":{"line":209,"column":81}},"55":{"start":{"line":210,"column":16},"end":{"line":210,"column":54}},"56":{"start":{"line":217,"column":12},"end":{"line":219,"column":13}},"57":{"start":{"line":218,"column":16},"end":{"line":218,"column":54}}},"fnMap":{"0":{"name":"(anonymous_0)","decl":{"start":{"line":53,"column":4},"end":{"line":53,"column":5}},"loc":{"start":{"line":53,"column":14},"end":{"line":56,"column":5}},"line":53},"1":{"name":"(anonymous_1)","decl":{"start":{"line":58,"column":4},"end":{"line":58,"column":5}},"loc":{"start":{"line":58,"column":14},"end":{"line":62,"column":5}},"line":58},"2":{"name":"(anonymous_2)","decl":{"start":{"line":64,"column":4},"end":{"line":64,"column":5}},"loc":{"start":{"line":64,"column":20},"end":{"line":68,"column":5}},"line":64},"3":{"name":"(anonymous_3)","decl":{"start":{"line":77,"column":12},"end":{"line":77,"column":13}},"loc":{"start":{"line":77,"column":31},"end":{"line":82,"column":13}},"line":77},"4":{"name":"(anonymous_4)","decl":{"start":{"line":89,"column":12},"end":{"line":89,"column":13}},"loc":{"start":{"line":89,"column":31},"end":{"line":91,"column":13}},"line":89},"5":{"name":"(anonymous_5)","decl":{"start":{"line":99,"column":12},"end":{"line":99,"column":13}},"loc":{"start":{"line":99,"column":31},"end":{"line":101,"column":13}},"line":99},"6":{"name":"(anonymous_6)","decl":{"start":{"line":107,"column":8},"end":{"line":107,"column":9}},"loc":{"start":{"line":107,"column":34},"end":{"line":133,"column":9}},"line":107},"7":{"name":"(anonymous_7)","decl":{"start":{"line":123,"column":30},"end":{"line":123,"column":31}},"loc":{"start":{"line":123,"column":40},"end":{"line":129,"column":13}},"line":123},"8":{"name":"(anonymous_8)","decl":{"start":{"line":135,"column":8},"end":{"line":135,"column":9}},"loc":{"start":{"line":135,"column":29},"end":{"line":137,"column":9}},"line":135},"9":{"name":"(anonymous_9)","decl":{"start":{"line":140,"column":8},"end":{"line":140,"column":9}},"loc":{"start":{"line":140,"column":49},"end":{"line":142,"column":9}},"line":140},"10":{"name":"(anonymous_10)","decl":{"start":{"line":143,"column":8},"end":{"line":143,"column":9}},"loc":{"start":{"line":143,"column":28},"end":{"line":184,"column":9}},"line":143},"11":{"name":"(anonymous_11)","decl":{"start":{"line":156,"column":39},"end":{"line":156,"column":40}},"loc":{"start":{"line":156,"column":60},"end":{"line":159,"column":13}},"line":156},"12":{"name":"(anonymous_12)","decl":{"start":{"line":165,"column":40},"end":{"line":165,"column":41}},"loc":{"start":{"line":165,"column":46},"end":{"line":167,"column":13}},"line":165},"13":{"name":"(anonymous_13)","decl":{"start":{"line":168,"column":36},"end":{"line":168,"column":37}},"loc":{"start":{"line":168,"column":42},"end":{"line":170,"column":13}},"line":168},"14":{"name":"(anonymous_14)","decl":{"start":{"line":171,"column":35},"end":{"line":171,"column":36}},"loc":{"start":{"line":171,"column":47},"end":{"line":178,"column":13}},"line":171},"15":{"name":"(anonymous_15)","decl":{"start":{"line":187,"column":8},"end":{"line":187,"column":9}},"loc":{"start":{"line":187,"column":21},"end":{"line":193,"column":9}},"line":187},"16":{"name":"(anonymous_16)","decl":{"start":{"line":196,"column":8},"end":{"line":196,"column":9}},"loc":{"start":{"line":196,"column":38},"end":{"line":203,"column":9}},"line":196},"17":{"name":"(anonymous_17)","decl":{"start":{"line":207,"column":8},"end":{"line":207,"column":9}},"loc":{"start":{"line":207,"column":41},"end":{"line":212,"column":9}},"line":207},"18":{"name":"(anonymous_18)","decl":{"start":{"line":216,"column":8},"end":{"line":216,"column":9}},"loc":{"start":{"line":216,"column":35},"end":{"line":220,"column":9}},"line":216}},"branchMap":{"0":{"loc":{"start":{"line":47,"column":14},"end":{"line":47,"column":55}},"type":"binary-expr","locations":[{"start":{"line":47,"column":14},"end":{"line":47,"column":47}},{"start":{"line":47,"column":51},"end":{"line":47,"column":55}}],"line":47},"1":{"loc":{"start":{"line":50,"column":14},"end":{"line":50,"column":60}},"type":"binary-expr","locations":[{"start":{"line":50,"column":14},"end":{"line":50,"column":45}},{"start":{"line":50,"column":49},"end":{"line":50,"column":60}}],"line":50},"2":{"loc":{"start":{"line":126,"column":16},"end":{"line":128,"column":17}},"type":"if","locations":[{"start":{"line":126,"column":16},"end":{"line":128,"column":17}},{"start":{},"end":{}}],"line":126},"3":{"loc":{"start":{"line":145,"column":12},"end":{"line":154,"column":13}},"type":"if","locations":[{"start":{"line":145,"column":12},"end":{"line":154,"column":13}},{"start":{"line":149,"column":19},"end":{"line":154,"column":13}}],"line":145},"4":{"loc":{"start":{"line":161,"column":12},"end":{"line":163,"column":13}},"type":"if","locations":[{"start":{"line":161,"column":12},"end":{"line":163,"column":13}},{"start":{},"end":{}}],"line":161},"5":{"loc":{"start":{"line":200,"column":12},"end":{"line":202,"column":13}},"type":"if","locations":[{"start":{"line":200,"column":12},"end":{"line":202,"column":13}},{"start":{},"end":{}}],"line":200},"6":{"loc":{"start":{"line":208,"column":12},"end":{"line":211,"column":13}},"type":"if","locations":[{"start":{"line":208,"column":12},"end":{"line":211,"column":13}},{"start":{},"end":{}}],"line":208},"7":{"loc":{"start":{"line":217,"column":12},"end":{"line":219,"column":13}},"type":"if","locations":[{"start":{"line":217,"column":12},"end":{"line":219,"column":13}},{"start":{},"end":{}}],"line":217}},"s":{"0":1,"1":1,"2":1,"3":5,"4":5,"5":4,"6":4,"7":4,"8":5,"9":5,"10":5,"11":0,"12":0,"13":0,"14":0,"15":0,"16":2,"17":2,"18":2,"19":2,"20":0,"21":0,"22":0,"23":2,"24":0,"25":0,"26":5,"27":0,"28":0,"29":5,"30":5,"31":5,"32":5,"33":5,"34":5,"35":5,"36":1,"37":5,"38":5,"39":5,"40":7,"41":5,"42":1,"43":5,"44":5,"45":5,"46":4,"47":1,"48":3,"49":0,"50":0,"51":0,"52":0,"53":0,"54":0,"55":0,"56":0,"57":0},"f":{"0":5,"1":4,"2":5,"3":0,"4":0,"5":0,"6":2,"7":0,"8":0,"9":0,"10":5,"11":5,"12":5,"13":7,"14":1,"15":4,"16":0,"17":0,"18":0},"b":{"0":[1,1],"1":[1,1],"2":[0,0],"3":[0,5],"4":[1,4],"5":[0,0],"6":[0,0],"7":[0,0]},"_coverageSchema":"1a1c01bbd47fc00a2c39e90264f33305004495a9","hash":"1ef5a2c9b3a8264f1e515a15e4c8402aa904b712"}
}
