TN:
SF:index.js
FN:53,(anonymous_0)
FN:58,(anonymous_1)
FN:64,(anonymous_2)
FN:77,(anonymous_3)
FN:89,(anonymous_4)
FN:99,(anonymous_5)
FN:107,(anonymous_6)
FN:123,(anonymous_7)
FN:135,(anonymous_8)
FN:140,(anonymous_9)
FN:143,(anonymous_10)
FN:156,(anonymous_11)
FN:165,(anonymous_12)
FN:168,(anonymous_13)
FN:171,(anonymous_14)
FN:187,(anonymous_15)
FN:196,(anonymous_16)
FN:207,(anonymous_17)
FN:216,(anonymous_18)
FNF:19
FNH:10
FNDA:5,(anonymous_0)
FNDA:4,(anonymous_1)
FNDA:5,(anonymous_2)
FNDA:0,(anonymous_3)
FNDA:0,(anonymous_4)
FNDA:0,(anonymous_5)
FNDA:2,(anonymous_6)
FNDA:0,(anonymous_7)
FNDA:0,(anonymous_8)
FNDA:0,(anonymous_9)
FNDA:5,(anonymous_10)
FNDA:5,(anonymous_11)
FNDA:5,(anonymous_12)
FNDA:7,(anonymous_13)
FNDA:1,(anonymous_14)
FNDA:4,(anonymous_15)
FNDA:0,(anonymous_16)
FNDA:0,(anonymous_17)
FNDA:0,(anonymous_18)
DA:1,1
DA:2,1
DA:43,1
DA:54,5
DA:55,5
DA:59,4
DA:60,4
DA:61,4
DA:65,5
DA:66,5
DA:67,5
DA:78,0
DA:79,0
DA:81,0
DA:90,0
DA:100,0
DA:108,2
DA:111,2
DA:114,2
DA:123,2
DA:124,0
DA:126,0
DA:127,0
DA:132,2
DA:136,0
DA:141,0
DA:145,5
DA:146,0
DA:148,0
DA:150,5
DA:151,5
DA:153,5
DA:156,5
DA:157,5
DA:158,5
DA:161,5
DA:162,1
DA:165,5
DA:166,5
DA:168,5
DA:169,7
DA:171,5
DA:172,1
DA:179,5
DA:181,5
DA:183,5
DA:188,4
DA:189,1
DA:192,3
DA:197,0
DA:199,0
DA:200,0
DA:201,0
DA:208,0
DA:209,0
DA:210,0
DA:217,0
DA:218,0
LF:58
LH:37
BRDA:47,0,0,1
BRDA:47,0,1,1
BRDA:50,1,0,1
BRDA:50,1,1,1
BRDA:126,2,0,0
BRDA:126,2,1,0
BRDA:145,3,0,0
BRDA:145,3,1,5
BRDA:161,4,0,1
BRDA:161,4,1,4
BRDA:200,5,0,0
BRDA:200,5,1,0
BRDA:208,6,0,0
BRDA:208,6,1,0
BRDA:217,7,0,0
BRDA:217,7,1,0
BRF:16
BRH:7
end_of_record
